<?xml version="1.0" encoding="UTF-8"?>
<!-- Generated by org.testng.reporters.JUnitXMLReporter -->
<testsuite hostname="MININT-RFO2CK0" name="Default test" tests="1" failures="0" timestamp="9 Dec 2016 21:51:39 GMT" time="0.026" errors="0">
  <testcase name="@BeforeSuite setBrowser" time="0.0" classname="com.uscourts2.ujspacourts.testCases.MainPage">
    <failure type="org.testng.TestNGException" message="
Parameter &amp;apos;browser&amp;apos; is required by @Configuration on method setBrowser but has not been marked @Optional or defined
in C:\Users\Rajesh\AppData\Local\Temp\testng-eclipse--103628945\testng-customsuite.xml">
      <![CDATA[org.testng.TestNGException: 
Parameter 'browser' is required by @Configuration on method setBrowser but has not been marked @Optional or defined
in C:\Users\Rajesh\AppData\Local\Temp\testng-eclipse--103628945\testng-customsuite.xml
	at org.testng.internal.Parameters.createParameters(Parameters.java:148)
	at org.testng.internal.Parameters.createParameters(Parameters.java:361)
	at org.testng.internal.Parameters.createConfigurationParameters(Parameters.java:84)
	at org.testng.internal.Invoker.invokeConfigurations(Invoker.java:197)
	at org.testng.internal.Invoker.invokeConfigurations(Invoker.java:138)
	at org.testng.SuiteRunner.privateRun(SuiteRunner.java:296)
	at org.testng.SuiteRunner.run(SuiteRunner.java:259)
	at org.testng.SuiteRunnerWorker.runSuite(SuiteRunnerWorker.java:52)
	at org.testng.SuiteRunnerWorker.run(SuiteRunnerWorker.java:86)
	at org.testng.TestNG.runSuitesSequentially(TestNG.java:1185)
	at org.testng.TestNG.runSuitesLocally(TestNG.java:1110)
	at org.testng.TestNG.run(TestNG.java:1018)
	at org.testng.remote.AbstractRemoteTestNG.run(AbstractRemoteTestNG.java:132)
	at org.testng.remote.RemoteTestNG.initAndRun(RemoteTestNG.java:236)
	at org.testng.remote.RemoteTestNG.main(RemoteTestNG.java:81)
]]>
    </failure>
  </testcase> <!-- @BeforeSuite setBrowser -->
  <testcase name="openBrowser" time="0.008" classname="com.uscourts2.ujspacourts.testCases.MainPage">
    <skipped/>
  </testcase> <!-- openBrowser -->
</testsuite> <!-- Default test -->
